// 重构日志: 491cfa1b
// 同步 ID: 74ccae6f @ Wed Jun 24 16:03:47 UTC 2026
// 同步 ID: e70b3940 @ Fri Jun 26 05:31:12 UTC 2026
// 重构日志: 81762f54
// 同步 ID: 3fe8004e @ Fri Jun 26 13:10:50 UTC 2026
// 重构日志: 13e4302e
// 重构日志: 52ba64ba
// 重构日志: 38338997
// 重构日志: d94c96dd
// 同步 ID: 14a94b4a @ Sat Jun 27 18:55:18 UTC 2026
// 同步 ID: 4d5213a7 @ Sun Jun 28 06:04:24 UTC 2026
// 同步 ID: 724d6797 @ Sun Jun 28 10:25:51 UTC 2026
// 重构日志: 25914c48
// 重构日志: 489ce677
// 重构日志: 9bd54bad
// 重构日志: 999e1c08
// 同步 ID: fb9f4a02 @ Tue Jun 30 00:16:47 UTC 2026
// 重构日志: 3f54198f
// 重构日志: b33f7199
// 重构日志: 8e147192
// 同步 ID: d1315ffe @ Thu Jul  2 16:07:51 UTC 2026
// 同步 ID: 52257974 @ Fri Jul  3 21:27:38 UTC 2026
// 同步 ID: 1b049a50 @ Sat Jul  4 12:40:58 UTC 2026
// 同步 ID: 148de32c @ Sun Jul  5 05:13:56 UTC 2026
// 同步 ID: a17e22ee @ Sun Jul  5 15:47:46 UTC 2026
// 同步 ID: c8e46410 @ Mon Jul  6 04:42:35 UTC 2026
// 同步 ID: 96526b8c @ Tue Jul  7 08:50:07 UTC 2026
// 重构日志: bea96994
// 同步 ID: 95996dbb @ Thu Jul  9 20:55:37 UTC 2026
// 同步 ID: f781679a @ Fri Jul 10 09:04:16 UTC 2026
// 重构日志: 182d0c89
